<?xml version="1.0" encoding="UTF-8" ?>
<testsuite tests="12" failures="0" name="edu.cmu.cs.cs214.rec02.IntQueueTest" time="0.058" errors="0" skipped="0">
  <properties>
[...]
</properties>
  <testcase classname="edu.cmu.cs.cs214.rec02.IntQueueTest" name="testNotEmpty" time="0.026"/>
  <testcase classname="edu.cmu.cs.cs214.rec02.IntQueueTest" name="testEnqueue" time="0"/>
  <testcase classname="edu.cmu.cs.cs214.rec02.IntQueueTest" name="testEnqueueReturnValue" time="0"/>
  <testcase classname="edu.cmu.cs.cs214.rec02.IntQueueTest" name="testClear" time="0"/>
  <testcase classname="edu.cmu.cs.cs214.rec02.IntQueueTest" name="testSizeAfterOperations" time="0"/>
  <testcase classname="edu.cmu.cs.cs214.rec02.IntQueueTest" name="testPeekNoEmptyQueue" time="0"/>
  <testcase classname="edu.cmu.cs.cs214.rec02.IntQueueTest" name="testFIFOOrder" time="0"/>
  <testcase classname="edu.cmu.cs.cs214.rec02.IntQueueTest" name="testPeekEmptyQueue" time="0"/>
  <testcase classname="edu.cmu.cs.cs214.rec02.IntQueueTest" name="testContent" time="0.023"/>
  <testcase classname="edu.cmu.cs.cs214.rec02.IntQueueTest" name="testMultipleEnqueueDequeue" time="0.001"/>
  <testcase classname="edu.cmu.cs.cs214.rec02.IntQueueTest" name="testDequeue" time="0.007"/>
  <testcase classname="edu.cmu.cs.cs214.rec02.IntQueueTest" name="testIsEmpty" time="0.001"/>
</testsuite>